0 info it worked if it ends with ok
1 verbose cli [ 'node', '/usr/local/bin/npm', 'install', '-g', 'bower' ]
2 info using npm@2.0.0-alpha-5
3 info using node@v0.10.30
4 verbose node symlink /usr/local/bin/node
5 verbose cache add [ 'bower', null ]
6 verbose cache add spec="bower" args=["bower",null]
7 verbose parsed spec { raw: 'bower',
7 verbose parsed spec   scope: null,
7 verbose parsed spec   name: 'bower',
7 verbose parsed spec   rawSpec: '',
7 verbose parsed spec   spec: '*',
7 verbose parsed spec   type: 'range' }
8 verbose addNamed [ 'bower', '*' ]
9 verbose addNamed [ null, '*' ]
10 silly lockFile b788227f-bower bower@*
11 verbose lock bower@* /Users/cyoung/.npm/b788227f-bower.lock
12 silly addNameRange { name: 'bower', range: '*', hasData: false }
13 verbose mapToRegistry name bower
14 verbose mapToRegistry uri https://registry.npmjs.org/bower
15 verbose request where is /bower
16 verbose request registry https://registry.npmjs.org/
17 verbose request id 40335bd9b3fc4490
18 verbose request url raw /bower
19 verbose request url resolving [ 'https://registry.npmjs.org/', './bower' ]
20 verbose request url resolved https://registry.npmjs.org/bower
21 verbose request where is https://registry.npmjs.org/bower
22 verbose request no basic auth needed
23 info trying registry request attempt 1 at 02:30:01
24 verbose etag "A5PTR60KOBAD6N2F880G2ICZU"
25 http GET https://registry.npmjs.org/bower
26 http 200 https://registry.npmjs.org/bower
27 silly registry.get cb [ 200,
27 silly registry.get   { server: 'CouchDB/1.5.0 (Erlang OTP/R16B03)',
27 silly registry.get     etag: '"BPFNHBH6PE5ORNG3AQJ0KD3AN"',
27 silly registry.get     'content-type': 'application/json',
27 silly registry.get     'cache-control': 'max-age=300',
27 silly registry.get     'content-length': '164999',
27 silly registry.get     'accept-ranges': 'bytes',
27 silly registry.get     date: 'Sun, 03 Jan 2016 07:30:01 GMT',
27 silly registry.get     via: '1.1 varnish',
27 silly registry.get     age: '0',
27 silly registry.get     connection: 'keep-alive',
27 silly registry.get     'x-served-by': 'cache-ord1720-ORD',
27 silly registry.get     'x-cache': 'HIT',
27 silly registry.get     'x-cache-hits': '1',
27 silly registry.get     'x-timer': 'S1451806201.849490,VS0,VE39',
27 silly registry.get     vary: 'Accept' } ]
28 silly addNameRange number 2 { name: 'bower', range: '*', hasData: true }
29 silly addNameRange versions [ 'bower',
29 silly addNameRange   [ '0.1.0',
29 silly addNameRange     '0.1.2',
29 silly addNameRange     '0.1.3',
29 silly addNameRange     '0.2.0',
29 silly addNameRange     '0.3.0',
29 silly addNameRange     '0.3.1',
29 silly addNameRange     '0.3.2',
29 silly addNameRange     '0.4.0',
29 silly addNameRange     '0.5.0',
29 silly addNameRange     '0.5.1',
29 silly addNameRange     '0.6.0',
29 silly addNameRange     '0.6.1',
29 silly addNameRange     '0.6.2',
29 silly addNameRange     '0.6.3',
29 silly addNameRange     '0.6.4',
29 silly addNameRange     '0.6.5',
29 silly addNameRange     '0.6.6',
29 silly addNameRange     '0.6.7',
29 silly addNameRange     '0.6.8',
29 silly addNameRange     '0.7.0',
29 silly addNameRange     '0.7.1',
29 silly addNameRange     '0.8.0',
29 silly addNameRange     '0.8.1',
29 silly addNameRange     '0.8.2',
29 silly addNameRange     '0.8.3',
29 silly addNameRange     '0.8.4',
29 silly addNameRange     '0.8.5',
29 silly addNameRange     '0.8.6',
29 silly addNameRange     '0.9.0',
29 silly addNameRange     '0.9.1',
29 silly addNameRange     '0.9.2',
29 silly addNameRange     '0.10.0',
29 silly addNameRange     '1.0.0',
29 silly addNameRange     '1.0.1',
29 silly addNameRange     '1.0.2',
29 silly addNameRange     '1.0.3',
29 silly addNameRange     '1.1.0',
29 silly addNameRange     '1.1.1',
29 silly addNameRange     '1.1.2',
29 silly addNameRange     '1.2.0',
29 silly addNameRange     '1.2.1',
29 silly addNameRange     '1.2.2',
29 silly addNameRange     '1.2.3',
29 silly addNameRange     '1.2.4',
29 silly addNameRange     '1.2.5',
29 silly addNameRange     '1.2.6',
29 silly addNameRange     '1.2.7',
29 silly addNameRange     '1.2.8',
29 silly addNameRange     '1.3.0',
29 silly addNameRange     '1.3.1',
29 silly addNameRange     '1.3.2',
29 silly addNameRange     '1.3.3',
29 silly addNameRange     '1.3.4',
29 silly addNameRange     '1.3.5',
29 silly addNameRange     '1.3.6',
29 silly addNameRange     '1.3.7',
29 silly addNameRange     '1.3.8',
29 silly addNameRange     '1.3.9',
29 silly addNameRange     '1.3.10',
29 silly addNameRange     '1.3.11',
29 silly addNameRange     '1.3.12',
29 silly addNameRange     '1.4.0',
29 silly addNameRange     '1.4.1',
29 silly addNameRange     '1.5.0',
29 silly addNameRange     '1.5.1',
29 silly addNameRange     '1.5.2',
29 silly addNameRange     '1.5.3',
29 silly addNameRange     '1.6.2',
29 silly addNameRange     '1.6.3',
29 silly addNameRange     '1.6.4',
29 silly addNameRange     '1.6.5',
29 silly addNameRange     '1.5.4',
29 silly addNameRange     '1.4.2',
29 silly addNameRange     '1.6.6',
29 silly addNameRange     '1.6.7',
29 silly addNameRange     '1.6.8',
29 silly addNameRange     '1.6.9',
29 silly addNameRange     '1.7.0',
29 silly addNameRange     '1.7.1',
29 silly addNameRange     '1.7.2' ] ]
30 verbose addNamed [ 'bower', '1.7.2' ]
31 verbose addNamed [ '1.7.2', '1.7.2' ]
32 silly lockFile 7ff4c8ad-bower-1-7-2 bower@1.7.2
33 verbose lock bower@1.7.2 /Users/cyoung/.npm/7ff4c8ad-bower-1-7-2.lock
34 silly lockFile 7ff4c8ad-bower-1-7-2 bower@1.7.2
35 silly lockFile 7ff4c8ad-bower-1-7-2 bower@1.7.2
36 silly lockFile b788227f-bower bower@*
37 silly lockFile b788227f-bower bower@*
38 silly resolved [ { name: 'bower',
38 silly resolved     version: '1.7.2',
38 silly resolved     description: 'The browser package manager',
38 silly resolved     author: { name: 'Twitter' },
38 silly resolved     license: 'MIT',
38 silly resolved     repository: { type: 'git', url: 'git+https://github.com/bower/bower.git' },
38 silly resolved     main: 'lib',
38 silly resolved     homepage: 'http://bower.io',
38 silly resolved     engines: { node: '>=0.10.0' },
38 silly resolved     keywords: [ 'bower' ],
38 silly resolved     dependencies:
38 silly resolved      { abbrev: '^1.0.5',
38 silly resolved        archy: '1.0.0',
38 silly resolved        'bower-config': '^1.3.0',
38 silly resolved        'bower-endpoint-parser': '^0.2.2',
38 silly resolved        'bower-json': '^0.4.0',
38 silly resolved        'bower-logger': '^0.2.2',
38 silly resolved        'bower-registry-client': '^1.0.0',
38 silly resolved        cardinal: '0.4.4',
38 silly resolved        chalk: '^1.0.0',
38 silly resolved        chmodr: '^1.0.2',
38 silly resolved        configstore: '^0.3.2',
38 silly resolved        'decompress-zip': '^0.1.0',
38 silly resolved        destroy: '^1.0.3',
38 silly resolved        'fs-write-stream-atomic': '1.0.5',
38 silly resolved        fstream: '^1.0.3',
38 silly resolved        'fstream-ignore': '^1.0.2',
38 silly resolved        github: '^0.2.3',
38 silly resolved        glob: '^4.3.2',
38 silly resolved        'graceful-fs': '^3.0.5',
38 silly resolved        handlebars: '^2.0.0',
38 silly resolved        inquirer: '0.10.0',
38 silly resolved        insight: '^0.7.0',
38 silly resolved        'is-root': '^1.0.0',
38 silly resolved        junk: '^1.0.0',
38 silly resolved        lockfile: '^1.0.0',
38 silly resolved        'lru-cache': '^2.5.0',
38 silly resolved        'md5-hex': '^1.0.2',
38 silly resolved        mkdirp: '0.5.0',
38 silly resolved        mout: '^0.11.0',
38 silly resolved        nopt: '^3.0.1',
38 silly resolved        opn: '^1.0.1',
38 silly resolved        'p-throttler': '0.1.1',
38 silly resolved        promptly: '0.2.0',
38 silly resolved        q: '^1.1.2',
38 silly resolved        request: '2.53.0',
38 silly resolved        'request-progress': '0.3.1',
38 silly resolved        retry: '0.6.1',
38 silly resolved        rimraf: '^2.2.8',
38 silly resolved        semver: '^2.3.0',
38 silly resolved        'semver-utils': '^1.1.1',
38 silly resolved        'shell-quote': '^1.4.2',
38 silly resolved        'stringify-object': '^1.0.0',
38 silly resolved        'tar-fs': '^1.4.1',
38 silly resolved        tmp: '0.0.24',
38 silly resolved        'update-notifier': '^0.6.0',
38 silly resolved        'user-home': '^1.1.0',
38 silly resolved        which: '^1.0.8' },
38 silly resolved     devDependencies:
38 silly resolved      { chai: '^1.10.0',
38 silly resolved        coveralls: '^2.11.2',
38 silly resolved        'expect.js': '^0.3.1',
38 silly resolved        grunt: '^0.4.5',
38 silly resolved        'grunt-cli': '^0.1.13',
38 silly resolved        'grunt-contrib-jshint': '^0.10.0',
38 silly resolved        'grunt-contrib-watch': '^0.6.1',
38 silly resolved        'grunt-exec': '^0.4.6',
38 silly resolved        'grunt-jscs': '^2.3.0',
38 silly resolved        'grunt-simple-mocha': '^0.4.0',
38 silly resolved        istanbul: '^0.3.5',
38 silly resolved        'load-grunt-tasks': '^2.0.0',
38 silly resolved        mocha: '^2.1.0',
38 silly resolved        multiline: '^1.0.2',
38 silly resolved        nock: '^3.1.0',
38 silly resolved        'node-uuid': '^1.4.2',
38 silly resolved        proxyquire: '^1.3.0',
38 silly resolved        'spawn-sync': '1.0.13' },
38 silly resolved     scripts:
38 silly resolved      { test: 'grunt test',
38 silly resolved        ci: 'grunt travis',
38 silly resolved        coveralls: 'coveralls' },
38 silly resolved     bin: { bower: 'bin/bower' },
38 silly resolved     files: [ 'bin', 'lib', 'templates' ],
38 silly resolved     gitHead: 'a2f21e2703df020617bc35bbc2fb823c8a14b885',
38 silly resolved     bugs: { url: 'https://github.com/bower/bower/issues' },
38 silly resolved     bundleDependencies:
38 silly resolved      [ 'abbrev',
38 silly resolved        'archy',
38 silly resolved        'bower-config',
38 silly resolved        'bower-endpoint-parser',
38 silly resolved        'bower-json',
38 silly resolved        'bower-logger',
38 silly resolved        'bower-registry-client',
38 silly resolved        'cardinal',
38 silly resolved        'chalk',
38 silly resolved        'chmodr',
38 silly resolved        'configstore',
38 silly resolved        'decompress-zip',
38 silly resolved        'destroy',
38 silly resolved        'fs-write-stream-atomic',
38 silly resolved        'fstream',
38 silly resolved        'fstream-ignore',
38 silly resolved        'github',
38 silly resolved        'glob',
38 silly resolved        'graceful-fs',
38 silly resolved        'handlebars',
38 silly resolved        'inquirer',
38 silly resolved        'insight',
38 silly resolved        'is-root',
38 silly resolved        'junk',
38 silly resolved        'lockfile',
38 silly resolved        'lru-cache',
38 silly resolved        'md5-hex',
38 silly resolved        'mkdirp',
38 silly resolved        'mout',
38 silly resolved        'nopt',
38 silly resolved        'opn',
38 silly resolved        'p-throttler',
38 silly resolved        'promptly',
38 silly resolved        'q',
38 silly resolved        'request',
38 silly resolved        'request-progress',
38 silly resolved        'retry',
38 silly resolved        'rimraf',
38 silly resolved        'semver',
38 silly resolved        'shell-quote',
38 silly resolved        'stringify-object',
38 silly resolved        'tar-fs',
38 silly resolved        'tmp',
38 silly resolved        'update-notifier',
38 silly resolved        'user-home',
38 silly resolved        'which' ],
38 silly resolved     _id: 'bower@1.7.2',
38 silly resolved     _shasum: 'b04228f9970f11777017e64ae39d71f9346c9575',
38 silly resolved     _from: 'bower@*',
38 silly resolved     _npmVersion: '2.14.15',
38 silly resolved     _nodeVersion: '4.2.3',
38 silly resolved     _npmUser: { name: 'vladikoff', email: 'vlad@vladikoff.com' },
38 silly resolved     maintainers:
38 silly resolved      [ [Object],
38 silly resolved        [Object],
38 silly resolved        [Object],
38 silly resolved        [Object],
38 silly resolved        [Object],
38 silly resolved        [Object],
38 silly resolved        [Object] ],
38 silly resolved     dist:
38 silly resolved      { shasum: 'b04228f9970f11777017e64ae39d71f9346c9575',
38 silly resolved        tarball: 'http://registry.npmjs.org/bower/-/bower-1.7.2.tgz' },
38 silly resolved     directories: {},
38 silly resolved     _resolved: 'https://registry.npmjs.org/bower/-/bower-1.7.2.tgz',
38 silly resolved     readme: 'ERROR: No README data found!' } ]
39 info install bower@1.7.2 into /usr/local/lib
40 info installOne bower@1.7.2
41 verbose lib/node_modules/bower unbuild
42 info preuninstall bower@1.5.2
43 info uninstall bower@1.5.2
44 verbose true,/usr/local/lib/node_modules,/usr/local/lib/node_modules unbuild bower@1.5.2
45 verbose /usr/local/bin,[object Object] binRoot
46 verbose gentlyRm verifying that /usr/local/lib/node_modules/bower is managed by npm
47 silly cacheAndTest /usr/local/lib/node_modules/bower is inside /usr/local/lib/node_modules
48 silly gentlyRm /usr/local/lib/node_modules/bower is managed by npm
49 silly gentlyRm /usr/local/bin/bower is not under /usr/local/lib/node_modules/bower
50 silly gentlyRm checking to see if /usr/local/bin/bower is a link
51 silly gentlyRm /usr/local/bin/bower is a link
52 silly gentlyRm /usr/local/lib/node_modules/bower/bin/bower inside /usr/local/lib/node_modules/bower
53 verbose gentlyRm vacuuming /usr/local/bin/bower
54 silly gentlyRm removing /usr/local/bin/bower
55 silly gentlyRm quitting because other entries in /usr/local/bin
56 info postuninstall bower@1.5.2
57 verbose gentlyRm vacuuming /usr/local/lib/node_modules/bower
58 silly gentlyRm purging /usr/local/lib/node_modules/bower
59 verbose lib/node_modules/bower unbuild
60 info preuninstall bower@1.5.2
61 info uninstall bower@1.5.2
62 verbose true,/usr/local/lib/node_modules,/usr/local/lib/node_modules unbuild bower@1.5.2
63 verbose /usr/local/bin,[object Object] binRoot
64 verbose gentlyRm verifying that /usr/local/lib/node_modules/bower is managed by npm
65 silly isManaged /usr/local/lib/node_modules/bower is inside /usr/local/lib/node_modules
66 silly gentlyRm /usr/local/lib/node_modules/bower is managed by npm
67 silly gentlyRm /usr/local/bin/bower is not under /usr/local/lib/node_modules/bower
68 silly gentlyRm checking to see if /usr/local/bin/bower is a link
69 info postuninstall bower@1.5.2
70 verbose gentlyRm vacuuming /usr/local/lib/node_modules/bower
71 silly gentlyRm purging /usr/local/lib/node_modules/bower
72 error error rolling back Error: EACCES, unlink '/usr/local/lib/node_modules/bower/LICENSE'
72 error error rolling back  bower@1.7.2 { [Error: EACCES, unlink '/usr/local/lib/node_modules/bower/LICENSE']
72 error error rolling back   errno: 3,
72 error error rolling back   code: 'EACCES',
72 error error rolling back   path: '/usr/local/lib/node_modules/bower/LICENSE' }
73 error Error: EACCES, unlink '/usr/local/lib/node_modules/bower/CHANGELOG.md'
73 error  { [Error: EACCES, unlink '/usr/local/lib/node_modules/bower/CHANGELOG.md']
73 error   errno: 3,
73 error   code: 'EACCES',
73 error   path: '/usr/local/lib/node_modules/bower/CHANGELOG.md' }
74 error Please try running this command again as root/Administrator.
75 error System Darwin 14.5.0
76 error command "node" "/usr/local/bin/npm" "install" "-g" "bower"
77 error cwd /Users/cyoung/Desktop/jambox/public
78 error node -v v0.10.30
79 error npm -v 2.0.0-alpha-5
80 error path /usr/local/lib/node_modules/bower/CHANGELOG.md
81 error code EACCES
82 error errno 3
83 error stack Error: EACCES, unlink '/usr/local/lib/node_modules/bower/CHANGELOG.md'
84 verbose exit [ 3, true ]
